<?xml version="1.0" encoding="UTF-8"?>
<testsuite xmlns:xsi="http://www.w3.org/2001/XMLSchema-instance" xsi:noNamespaceSchemaLocation="https://maven.apache.org/surefire/maven-surefire-plugin/xsd/surefire-test-report-3.0.xsd" version="3.0" name="com.supabase.controller.AuthControllerTest" time="2.765" tests="1" errors="0" skipped="0" failures="0">
  <properties>
[...]
</properties>
  <testcase name="placeholder" classname="com.supabase.controller.AuthControllerTest" time="0.626">
    <system-out><![CDATA[23:10:05.422 [main] INFO org.springframework.test.context.support.AnnotationConfigContextLoaderUtils -- Could not detect default configuration classes for test class [com.supabase.controller.AuthControllerTest]: AuthControllerTest does not declare any static, non-private, non-final, nested classes annotated with @Configuration.
23:10:05.547 [main] INFO org.springframework.boot.test.context.SpringBootTestContextBootstrapper -- Found @SpringBootConfiguration com.supabase.SupabaseSpringAppApplication for test class com.supabase.controller.AuthControllerTest

  .   ____          _            __ _ _
 /\\ / ___'_ __ _ _(_)_ __  __ _ \ \ \ \
( ( )\___ | '_ | '_| | '_ \/ _` | \ \ \ \
 \\/  ___)| |_)| | | | | || (_| |  ) ) ) )
  '  |____| .__|_| |_|_| |_\__, | / / / /
 =========|_|==============|___/=/_/_/_/
 :: Spring Boot ::                (v3.2.5)

2025-05-05T23:10:05.877+03:00  INFO 5488 --- [           main] c.s.controller.AuthControllerTest        : Starting AuthControllerTest using Java 17.0.5 with PID 5488 (started by user in C:\Users\user\Downloads\SupabaseSpringApp_TestingFixed\SupabaseSpringApp)
2025-05-05T23:10:05.878+03:00  INFO 5488 --- [           main] c.s.controller.AuthControllerTest        : No active profile set, falling back to 1 default profile: "default"
2025-05-05T23:10:06.869+03:00  WARN 5488 --- [           main] .s.s.UserDetailsServiceAutoConfiguration : 

Using generated security password: d20db4b5-3614-458a-b7ca-4caa441dac3a

This generated password is for development use only. Your security configuration must be updated before running your application in production.

2025-05-05T23:10:07.114+03:00  INFO 5488 --- [           main] o.s.s.web.DefaultSecurityFilterChain     : Will secure any request with [org.springframework.security.web.session.DisableEncodeUrlFilter@543d5863, org.springframework.security.web.context.request.async.WebAsyncManagerIntegrationFilter@35dece42, org.springframework.security.web.context.SecurityContextHolderFilter@4db77402, org.springframework.security.web.header.HeaderWriterFilter@6b5ab2f2, org.springframework.web.filter.CorsFilter@dd3f8aa, org.springframework.security.web.authentication.logout.LogoutFilter@4ea17147, com.supabase.config.SecurityConfig$$Lambda$895/0x000000080102bdb8@3d615b2e, org.springframework.security.web.savedrequest.RequestCacheAwareFilter@5ef85555, org.springframework.security.web.servletapi.SecurityContextHolderAwareRequestFilter@5bcec67e, org.springframework.security.web.authentication.AnonymousAuthenticationFilter@3a1f2a1, org.springframework.security.web.access.ExceptionTranslationFilter@59c500f7, org.springframework.security.web.access.intercept.AuthorizationFilter@7f73ce28]
2025-05-05T23:10:07.409+03:00  INFO 5488 --- [           main] c.s.controller.AuthControllerTest        : Started AuthControllerTest in 1.725 seconds (process running for 2.518)
AuthController test scaffold executed.
]]></system-out>
  </testcase>
</testsuite>